Added Component: Designator=7-pin header(7 pin header)
Added Component: Designator=C?(Capacitor)
Add component (AddParameter): Name = "Applications"; Value = "General Purpose"; VariantName = "[No Variations]"
Add component (AddParameter): Name = "Capacitance"; Value = "10µF"; VariantName = "[No Variations]"
Add component (AddParameter): Name = "Category"; Value = "Capacitors"; VariantName = "[No Variations]"
Add component (AddParameter): Name = "ComponentLink1Description"; Value = "https://product.tdk.com/info/en/documents/catalog/leadmlcc_conventional_fk_en.pdf"; VariantName = "[No Variations]"
Add component (AddParameter): Name = "ComponentLink1URL"; Value = "https://product.tdk.com/info/en/documents/catalog/leadmlcc_conventional_fk_en.pdf"; VariantName = "[No Variations]"
Add component (AddParameter): Name = "Features"; Value = "-"; VariantName = "[No Variations]"
Add component (AddParameter): Name = "Height - Seated (Max)"; Value = "0.236" (6.00mm)"; VariantName = "[No Variations]"
Add component (AddParameter): Name = "Lead Spacing"; Value = "0.197" (5.00mm)"; VariantName = "[No Variations]"
Add component (AddParameter): Name = "Lead Style"; Value = "Formed Leads - Kinked"; VariantName = "[No Variations]"
Add component (AddParameter): Name = "Manufacturer"; Value = "TDK Corporation"; VariantName = "[No Variations]"
Add component (AddParameter): Name = "Manufacturer Part Number"; Value = "FK26X7R1C106K"; VariantName = "[No Variations]"
Add component (AddParameter): Name = "Mounting Type"; Value = "Through Hole"; VariantName = "[No Variations]"
Add component (AddParameter): Name = "Operating Temperature"; Value = "-55°C ~ 125°C"; VariantName = "[No Variations]"
Add component (AddParameter): Name = "Package / Case"; Value = "Radial"; VariantName = "[No Variations]"
Add component (AddParameter): Name = "Packaging"; Value = "Bulk"; VariantName = "[No Variations]"
Add component (AddParameter): Name = "Pricing 1"; Value = "1=0.45, 10=0.319, 100=0.2101, 250=0.17896, 500=0.1556, 1000=0.13226, 5000=0.1167, 10000=0.10892, 25000=0.10503 (USD)"; VariantName = "[No Variations]"
Add component (AddParameter): Name = "Ratings"; Value = "-"; VariantName = "[No Variations]"
Add component (AddParameter): Name = "RoHS"; Value = "RoHS Compliant"; VariantName = "[No Variations]"
Add component (AddParameter): Name = "Size / Dimension"; Value = "0.217" L x 0.138" W (5.50mm x 3.50mm)"; VariantName = "[No Variations]"
Add component (AddParameter): Name = "Stock 1"; Value = "7933"; VariantName = "[No Variations]"
Add component (AddParameter): Name = "Supplier 1"; Value = "Digi-Key"; VariantName = "[No Variations]"
Add component (AddParameter): Name = "Supplier Part Number 1"; Value = "445-8549-ND"; VariantName = "[No Variations]"
Add component (AddParameter): Name = "Temperature Coefficient"; Value = "X7R"; VariantName = "[No Variations]"
Add component (AddParameter): Name = "Thickness (Max)"; Value = "-"; VariantName = "[No Variations]"
Add component (AddParameter): Name = "Tolerance"; Value = "±10%"; VariantName = "[No Variations]"
Add component (AddParameter): Name = "Voltage - Rated"; Value = "16V"; VariantName = "[No Variations]"
Added Component: Designator=DAC1(BOB-12918)
Added Component: Designator=DAC2(BOB-12918)
Added Component: Designator=LVR1(MCP1702-3302E/TO-ND_1)
Added Component: Designator=MCU?(Nucleo_Given)
Add component (AddParameter): Name = "Applications"; Value = "-"; VariantName = "[No Variations]"
Add component (AddParameter): Name = "Category"; Value = "Connectors, Interconnects"; VariantName = "[No Variations]"
Add component (AddParameter): Name = "ComponentLink1Description"; Value = "http://www.sullinscorp.com/drawings/78_P(N)PxCxxxLFBN-RC,_10492-H.pdf"; VariantName = "[No Variations]"
Add component (AddParameter): Name = "ComponentLink1URL"; Value = "http://www.sullinscorp.com/drawings/78_P(N)PxCxxxLFBN-RC,_10492-H.pdf"; VariantName = "[No Variations]"
Add component (AddParameter): Name = "Connector Type"; Value = "Header"; VariantName = "[No Variations]"
Add component (AddParameter): Name = "Contact Finish - Mating"; Value = "Tin"; VariantName = "[No Variations]"
Add component (AddParameter): Name = "Contact Finish - Post"; Value = "Tin"; VariantName = "[No Variations]"
Add component (AddParameter): Name = "Contact Finish Thickness - Mating"; Value = "-"; VariantName = "[No Variations]"
Add component (AddParameter): Name = "Contact Finish Thickness - Post"; Value = "-"; VariantName = "[No Variations]"
Add component (AddParameter): Name = "Contact Length - Post"; Value = "0.126" (3.20mm)"; VariantName = "[No Variations]"
Add component (AddParameter): Name = "Contact Material"; Value = "Phosphor Bronze"; VariantName = "[No Variations]"
Add component (AddParameter): Name = "Contact Shape"; Value = "Square"; VariantName = "[No Variations]"
Add component (AddParameter): Name = "Contact Type"; Value = "Female Socket"; VariantName = "[No Variations]"
Add component (AddParameter): Name = "Current Rating"; Value = "3A"; VariantName = "[No Variations]"
Add component (AddParameter): Name = "Fastening Type"; Value = "Push-Pull"; VariantName = "[No Variations]"
Add component (AddParameter): Name = "Features"; Value = "-"; VariantName = "[No Variations]"
Add component (AddParameter): Name = "Ingress Protection"; Value = "-"; VariantName = "[No Variations]"
Add component (AddParameter): Name = "Insulation Color"; Value = "Black"; VariantName = "[No Variations]"
Add component (AddParameter): Name = "Insulation Height"; Value = "0.335" (8.51mm)"; VariantName = "[No Variations]"
Add component (AddParameter): Name = "Insulation Material"; Value = "Polyester"; VariantName = "[No Variations]"
Add component (AddParameter): Name = "Manufacturer"; Value = "Sullins Connector Solutions"; VariantName = "[No Variations]"
Add component (AddParameter): Name = "Manufacturer Part Number"; Value = "PPTC151LFBN-RC"; VariantName = "[No Variations]"
Add component (AddParameter): Name = "Mated Stacking Heights"; Value = "-"; VariantName = "[No Variations]"
Add component (AddParameter): Name = "Material Flammability Rating"; Value = "UL94 V-0"; VariantName = "[No Variations]"
Add component (AddParameter): Name = "Mounting Type"; Value = "Through Hole"; VariantName = "[No Variations]"
Add component (AddParameter): Name = "Number of Positions"; Value = "15"; VariantName = "[No Variations]"
Add component (AddParameter): Name = "Number of Positions Loaded"; Value = "All"; VariantName = "[No Variations]"
Add component (AddParameter): Name = "Number of Rows"; Value = "1"; VariantName = "[No Variations]"
Add component (AddParameter): Name = "Operating Temperature"; Value = "-40°C ~ 105°C"; VariantName = "[No Variations]"
Add component (AddParameter): Name = "Packaging"; Value = "Bulk"; VariantName = "[No Variations]"
Add component (AddParameter): Name = "Part Status"; Value = "Active"; VariantName = "[No Variations]"
Add component (AddParameter): Name = "Pitch - Mating"; Value = "0.100" (2.54mm)"; VariantName = "[No Variations]"
Add component (AddParameter): Name = "Pricing 1"; Value = "1=1.22, 10=1.013, 25=0.9376, 50=0.8438, 100=0.75, 250=0.65624, 500=0.6, 1000=0.54375, 2500=0.4875 (USD)"; VariantName = "[No Variations]"
Add component (AddParameter): Name = "RoHS"; Value = "RoHS Compliant"; VariantName = "[No Variations]"
Add component (AddParameter): Name = "Row Spacing - Mating"; Value = "-"; VariantName = "[No Variations]"
Add component (AddParameter): Name = "Stock 1"; Value = "2938"; VariantName = "[No Variations]"
Add component (AddParameter): Name = "Style"; Value = "Board to Board"; VariantName = "[No Variations]"
Add component (AddParameter): Name = "Supplier 1"; Value = "Digi-Key"; VariantName = "[No Variations]"
Add component (AddParameter): Name = "Supplier Part Number 1"; Value = "S7013-ND"; VariantName = "[No Variations]"
Add component (AddParameter): Name = "Termination"; Value = "Solder"; VariantName = "[No Variations]"
Add component (AddParameter): Name = "Voltage Rating"; Value = "250V"; VariantName = "[No Variations]"
Added Component: Designator=PO-chip1(MAX30102)
Added Component: Designator=PO-Chip2(MAX30102)
Added Pin To Net: NetName=5V Pin=7-pin header-2
Added Pin To Net: NetName=5V Pin=LVR1-2
Added Pin To Net: NetName=5V Pin=MCU?-27
Added Pin To Net: NetName=5V Pin=MCU?-27
Added Pin To Net: NetName=5V Pin=PO-chip1-4
Added Pin To Net: NetName=5V Pin=PO-Chip2-4
Added Net: Name=5V
Added Pin To Net: NetName=A4 Pin=MCU?-23
Added Pin To Net: NetName=A4 Pin=MCU?-23
Added Pin To Net: NetName=A4 Pin=PO-chip1-3
Added Pin To Net: NetName=A4 Pin=PO-Chip2-3
Added Net: Name=A4
Added Pin To Net: NetName=A5 Pin=MCU?-24
Added Pin To Net: NetName=A5 Pin=MCU?-24
Added Pin To Net: NetName=A5 Pin=PO-chip1-2
Added Pin To Net: NetName=A5 Pin=PO-Chip2-2
Added Net: Name=A5
Added Pin To Net: NetName=A5V Pin=C?-2
Added Pin To Net: NetName=A5V Pin=DAC1-5
Added Pin To Net: NetName=A5V Pin=DAC2-5
Added Pin To Net: NetName=A5V Pin=LVR1-3
Added Net: Name=A5V
Added Pin To Net: NetName=D8 Pin=MCU?-11
Added Pin To Net: NetName=D8 Pin=MCU?-11
Added Pin To Net: NetName=D8 Pin=PO-chip1-8
Added Pin To Net: NetName=D8 Pin=PO-Chip2-8
Added Net: Name=D8
Added Pin To Net: NetName=GND Pin=7-pin header-1
Added Pin To Net: NetName=GND Pin=7-pin header-5
Added Pin To Net: NetName=GND Pin=C?-1
Added Pin To Net: NetName=GND Pin=DAC1-2
Added Pin To Net: NetName=GND Pin=DAC1-6
Added Pin To Net: NetName=GND Pin=DAC2-2
Added Pin To Net: NetName=GND Pin=DAC2-6
Added Pin To Net: NetName=GND Pin=LVR1-1
Added Pin To Net: NetName=GND Pin=MCU?-29
Added Pin To Net: NetName=GND Pin=MCU?-29
Added Pin To Net: NetName=GND Pin=PO-chip1-1
Added Pin To Net: NetName=GND Pin=PO-chip1-5
Added Pin To Net: NetName=GND Pin=PO-Chip2-1
Added Pin To Net: NetName=GND Pin=PO-Chip2-5
Added Net: Name=GND
Added Pin To Net: NetName=OUTPUT1 Pin=7-pin header-6
Added Pin To Net: NetName=OUTPUT1 Pin=DAC1-1
Added Net: Name=OUTPUT1
Added Pin To Net: NetName=OUTPUT2 Pin=7-pin header-7
Added Pin To Net: NetName=OUTPUT2 Pin=DAC2-1
Added Net: Name=OUTPUT2
Added Pin To Net: NetName=RX Pin=7-pin header-4
Added Pin To Net: NetName=RX Pin=MCU?-2
Added Pin To Net: NetName=RX Pin=MCU?-2
Added Net: Name=RX
Added Pin To Net: NetName=To SCL Pin=DAC1-3
Added Pin To Net: NetName=To SCL Pin=DAC2-3
Added Pin To Net: NetName=To SCL Pin=MCU?-8
Added Pin To Net: NetName=To SCL Pin=MCU?-8
Added Net: Name=To SCL
Added Pin To Net: NetName=To SDA Pin=DAC1-4
Added Pin To Net: NetName=To SDA Pin=DAC2-4
Added Pin To Net: NetName=To SDA Pin=MCU?-7
Added Pin To Net: NetName=To SDA Pin=MCU?-7
Added Net: Name=To SDA
Added Pin To Net: NetName=TX Pin=7-pin header-3
Added Pin To Net: NetName=TX Pin=MCU?-1
Added Pin To Net: NetName=TX Pin=MCU?-1
Added Net: Name=TX
Added Class: Name=Sheet1
Added Rule: Name=Schematic Supply Nets
